<?xml version="1.0" encoding="UTF-8"?>
<!-- Generated by org.testng.reporters.JUnitXMLReporter -->
<testsuite ignored="0" hostname="Workstation-06" failures="0" tests="3" name="Default test" time="57.285" errors="0" timestamp="30 Jul 2019 18:19:33 GMT">
  <testcase classname="Belwoautomation.app_actions_testcase" name="appclone" time="3.837"/>
  <testcase classname="Belwoautomation.app_actions_testcase" name="deleteapp" time="2.602"/>
  <testcase classname="Belwoautomation.app_actions_testcase" name="editapp" time="5.543"/>
</testsuite> <!-- Default test -->
