<?xml version="1.0" encoding="UTF-8"?>
<!-- Generated by org.testng.reporters.JUnitXMLReporter -->
<testsuite ignored="0" hostname="Workstation-06" failures="0"
	tests="4" name="Test" time="112.048" errors="0"
	timestamp="31 Jul 2019 15:38:54 GMT">
	<testcase classname="Belwoautomation.Loginpagetest"
		name="logintest" time="17.376" />
	<testcase classname="Belwoautomation.addclient"
		name="addcliet" time="5.603" />
	<testcase classname="Belwoautomation.Applications"
		name="add_app" time="14.652" />
	<testcase classname="Belwoautomation.app_actions_testcase"
		name="shortapp" time="4.288" />
</testsuite> <!-- Test -->
