<?xml version="1.0" encoding="UTF-8"?>
<!-- Generated by org.testng.reporters.JUnitXMLReporter -->
<testsuite ignored="0" hostname="Workstation-06" failures="0" tests="3" name="Test" time="47.535" errors="0" timestamp="29 Jul 2019 21:20:16 GMT">
  <testcase classname="Belwoautomation.Loginpagetest" name="logintest" time="3.672"/>
  <testcase classname="Belwoautomation.addclient" name="addcliet" time="5.053"/>
  <testcase classname="Belwoautomation.Applications" name="add_app" time="4.969"/>
</testsuite> <!-- Test -->
