<?xml version="1.0" encoding="UTF-8"?>
<testng-results ignored="0" total="2" passed="2" failed="0" skipped="0">
  <reporter-output>
  </reporter-output>
  <suite started-at="2019-07-26T17:20:59Z" name="Default suite" finished-at="2019-07-26T17:21:49Z" duration-ms="49517">
    <groups>
    </groups>
    <test started-at="2019-07-26T17:20:59Z" name="Default test" finished-at="2019-07-26T17:21:49Z" duration-ms="49517">
      <class name="Belwoautomation.Loginpagetest">
        <test-method is-config="true" signature="setUp()[pri:0, instance:Belwoautomation.Loginpagetest@6107227e]" started-at="2019-07-26T17:20:59Z" name="setUp" finished-at="2019-07-26T17:21:27Z" duration-ms="27714" status="PASS">
          <reporter-output>
          </reporter-output>
        </test-method> <!-- setUp -->
        <test-method signature="loginPageTitleTest()[pri:0, instance:Belwoautomation.Loginpagetest@6107227e]" started-at="2019-07-26T17:21:27Z" name="loginPageTitleTest" finished-at="2019-07-26T17:21:27Z" duration-ms="0" status="PASS">
          <reporter-output>
          </reporter-output>
        </test-method> <!-- loginPageTitleTest -->
        <test-method is-config="true" signature="setUp()[pri:0, instance:Belwoautomation.Loginpagetest@6107227e]" started-at="2019-07-26T17:21:27Z" name="setUp" finished-at="2019-07-26T17:21:41Z" duration-ms="13870" status="PASS">
          <reporter-output>
          </reporter-output>
        </test-method> <!-- setUp -->
        <test-method signature="logintest()[pri:0, instance:Belwoautomation.Loginpagetest@6107227e]" started-at="2019-07-26T17:21:41Z" name="logintest" finished-at="2019-07-26T17:21:49Z" duration-ms="7867" status="PASS">
          <reporter-output>
          </reporter-output>
        </test-method> <!-- logintest -->
      </class> <!-- Belwoautomation.Loginpagetest -->
    </test> <!-- Default test -->
  </suite> <!-- Default suite -->
</testng-results>
